<?xml version="1.0" encoding="UTF-8"?>
<testng-results ignored="0" total="2" passed="2" failed="0" skipped="0">
  <reporter-output>
  </reporter-output>
  <suite started-at="2023-05-21T09:25:17Z" name="Suite" finished-at="2023-05-21T09:27:09Z" duration-ms="111572">
    <groups>
    </groups>
    <test started-at="2023-05-21T09:25:17Z" name="Test" finished-at="2023-05-21T09:27:09Z" duration-ms="111572">
      <class name="com.datadriven.framework.test.LoginTest">
        <test-method signature="createNewContact(java.util.Hashtable)[pri:0, instance:com.datadriven.framework.test.LoginTest@6d23017e]" started-at="2023-05-21T09:25:18Z" name="createNewContact" data-provider="getTestDataProviderCreateContact" finished-at="2023-05-21T09:26:45Z" duration-ms="86811" status="PASS">
          <params>
            <param index="0">
              <value>
                <![CDATA[{Username=tanvilonikar5@gmail.com, FirstName=tanvi, LastName=lonikar, Password=Test1234$, Category=Lead, Email=t@g.com, Company=FIS}]]>
              </value>
            </param>
          </params>
          <reporter-output>
          </reporter-output>
        </test-method> <!-- createNewContact -->
        <test-method is-config="true" signature="afterTest()[pri:0, instance:com.datadriven.framework.test.LoginTest@6d23017e]" started-at="2023-05-21T09:26:45Z" name="afterTest" finished-at="2023-05-21T09:26:45Z" duration-ms="380" status="PASS">
          <reporter-output>
          </reporter-output>
        </test-method> <!-- afterTest -->
        <test-method signature="loginIntoApplication(java.util.Hashtable)[pri:0, instance:com.datadriven.framework.test.LoginTest@6d23017e]" started-at="2023-05-21T09:26:46Z" name="loginIntoApplication" data-provider="getTestDataProviderLogin" finished-at="2023-05-21T09:27:08Z" duration-ms="22158" status="PASS">
          <params>
            <param index="0">
              <value>
                <![CDATA[{Username=tanvilonikar5@gmail.com, Password=Test1234$}]]>
              </value>
            </param>
          </params>
          <reporter-output>
          </reporter-output>
        </test-method> <!-- loginIntoApplication -->
        <test-method is-config="true" signature="afterTest()[pri:0, instance:com.datadriven.framework.test.LoginTest@6d23017e]" started-at="2023-05-21T09:27:08Z" name="afterTest" finished-at="2023-05-21T09:27:08Z" duration-ms="273" status="PASS">
          <reporter-output>
          </reporter-output>
        </test-method> <!-- afterTest -->
        <test-method is-config="true" signature="endReport()[pri:0, instance:com.datadriven.framework.test.LoginTest@6d23017e]" started-at="2023-05-21T09:27:08Z" name="endReport" finished-at="2023-05-21T09:27:09Z" duration-ms="611" status="PASS">
          <reporter-output>
          </reporter-output>
        </test-method> <!-- endReport -->
      </class> <!-- com.datadriven.framework.test.LoginTest -->
    </test> <!-- Test -->
  </suite> <!-- Suite -->
</testng-results>
